Determining if the pthread_create exist failed with the following output:
Change Dir: /home/hkh/CLionProjects/WebServer/cmake-build-debug/CMakeFiles/CMakeTmp

Run Build Command:"/usr/bin/make" "cmTC_1e5f5/fast"
make[1]: Entering directory '/home/hkh/CLionProjects/WebServer/cmake-build-debug/CMakeFiles/CMakeTmp'
/usr/bin/make -f CMakeFiles/cmTC_1e5f5.dir/build.make CMakeFiles/cmTC_1e5f5.dir/build
make[2]: Entering directory '/home/hkh/CLionProjects/WebServer/cmake-build-debug/CMakeFiles/CMakeTmp'
Building C object CMakeFiles/cmTC_1e5f5.dir/CheckSymbolExists.c.o
/usr/bin/cc    -o CMakeFiles/cmTC_1e5f5.dir/CheckSymbolExists.c.o   -c /home/hkh/CLionProjects/WebServer/cmake-build-debug/CMakeFiles/CMakeTmp/CheckSymbolExists.c
Linking C executable cmTC_1e5f5
/home/hkh/clion-2018.1.5/bin/cmake/bin/cmake -E cmake_link_script CMakeFiles/cmTC_1e5f5.dir/link.txt --verbose=1
/usr/bin/cc      CMakeFiles/cmTC_1e5f5.dir/CheckSymbolExists.c.o  -o cmTC_1e5f5 
CMakeFiles/cmTC_1e5f5.dir/CheckSymbolExists.c.o：在函数‘main’中：
CheckSymbolExists.c:(.text+0x16)：对‘pthread_create’未定义的引用
collect2: error: ld returned 1 exit status
CMakeFiles/cmTC_1e5f5.dir/build.make:97: recipe for target 'cmTC_1e5f5' failed
make[2]: *** [cmTC_1e5f5] Error 1
make[2]: Leaving directory '/home/hkh/CLionProjects/WebServer/cmake-build-debug/CMakeFiles/CMakeTmp'
Makefile:126: recipe for target 'cmTC_1e5f5/fast' failed
make[1]: *** [cmTC_1e5f5/fast] Error 2
make[1]: Leaving directory '/home/hkh/CLionProjects/WebServer/cmake-build-debug/CMakeFiles/CMakeTmp'

File /home/hkh/CLionProjects/WebServer/cmake-build-debug/CMakeFiles/CMakeTmp/CheckSymbolExists.c:
/* */
#include <pthread.h>

int main(int argc, char** argv)
{
  (void)argv;
#ifndef pthread_create
  return ((int*)(&pthread_create))[argc];
#else
  (void)argc;
  return 0;
#endif
}

Determining if the function pthread_create exists in the pthreads failed with the following output:
Change Dir: /home/hkh/CLionProjects/WebServer/cmake-build-debug/CMakeFiles/CMakeTmp

Run Build Command:"/usr/bin/make" "cmTC_34fe9/fast"
make[1]: Entering directory '/home/hkh/CLionProjects/WebServer/cmake-build-debug/CMakeFiles/CMakeTmp'
/usr/bin/make -f CMakeFiles/cmTC_34fe9.dir/build.make CMakeFiles/cmTC_34fe9.dir/build
make[2]: Entering directory '/home/hkh/CLionProjects/WebServer/cmake-build-debug/CMakeFiles/CMakeTmp'
Building C object CMakeFiles/cmTC_34fe9.dir/CheckFunctionExists.c.o
/usr/bin/cc   -DCHECK_FUNCTION_EXISTS=pthread_create   -o CMakeFiles/cmTC_34fe9.dir/CheckFunctionExists.c.o   -c /home/hkh/clion-2018.1.5/bin/cmake/share/cmake-3.10/Modules/CheckFunctionExists.c
Linking C executable cmTC_34fe9
/home/hkh/clion-2018.1.5/bin/cmake/bin/cmake -E cmake_link_script CMakeFiles/cmTC_34fe9.dir/link.txt --verbose=1
/usr/bin/cc  -DCHECK_FUNCTION_EXISTS=pthread_create    CMakeFiles/cmTC_34fe9.dir/CheckFunctionExists.c.o  -o cmTC_34fe9 -lpthreads 
/usr/bin/ld: 找不到 -lpthreads
collect2: error: ld returned 1 exit status
CMakeFiles/cmTC_34fe9.dir/build.make:97: recipe for target 'cmTC_34fe9' failed
make[2]: *** [cmTC_34fe9] Error 1
make[2]: Leaving directory '/home/hkh/CLionProjects/WebServer/cmake-build-debug/CMakeFiles/CMakeTmp'
Makefile:126: recipe for target 'cmTC_34fe9/fast' failed
make[1]: *** [cmTC_34fe9/fast] Error 2
make[1]: Leaving directory '/home/hkh/CLionProjects/WebServer/cmake-build-debug/CMakeFiles/CMakeTmp'


